
Showing logs for build [32mcb-kubecd-environment-pr-71-1-b-x2fhh-1[0m stage [32mfrom-build-pack[0m and container [32mstep-credential-initializer-w4tst[0m
{"level":"warn","ts":1574355558.4613817,"logger":"fallback-logger","caller":"logging/config.go:69","msg":"Fetch GitHub commit ID from kodata failed: \"ref: refs/heads/master\" is not a valid GitHub commit ID"}
{"level":"info","ts":1574355558.46339,"logger":"fallback-logger","caller":"creds-init/main.go:40","msg":"Credentials initialized."}

Showing logs for build [32mcb-kubecd-environment-pr-71-1-b-x2fhh-1[0m stage [32mfrom-build-pack[0m and container [32mstep-working-dir-initializer-cxth4[0m
{"level":"warn","ts":1574355559.4206028,"logger":"fallback-logger","caller":"logging/config.go:69","msg":"Fetch GitHub commit ID from kodata failed: open /var/run/ko/HEAD: no such file or directory"}
{"level":"info","ts":1574355559.4245915,"logger":"fallback-logger","caller":"bash/main.go:65","msg":"Successfully executed command \"mkdir -p /workspace/source\""}

Showing logs for build [32mcb-kubecd-environment-pr-71-1-b-x2fhh-1[0m stage [32mfrom-build-pack[0m and container [32mstep-place-tools[0m

Showing logs for build [32mcb-kubecd-environment-pr-71-1-b-x2fhh-1[0m stage [32mfrom-build-pack[0m and container [32mstep-git-source-cb-kubecd-environment-pr-71-1-b-d7r6k[0m
{"level":"warn","ts":1574355565.468403,"logger":"fallback-logger","caller":"logging/config.go:69","msg":"Fetch GitHub commit ID from kodata failed: \"ref: refs/heads/master\" is not a valid GitHub commit ID"}
{"level":"info","ts":1574355566.5451577,"logger":"fallback-logger","caller":"git/git.go:102","msg":"Successfully cloned https://github.com/cb-kubecd/environment-pr-71-1-boot-gke-staging.git @ master in path /workspace/source"}

Showing logs for build [32mcb-kubecd-environment-pr-71-1-b-x2fhh-1[0m stage [32mfrom-build-pack[0m and container [32mstep-git-merge[0m
Using SHAs from PULL_REFS=master:fb748baaecea3f772b8e6145b999617f80d9f079,2:dfe8eb3a0c03b74e8be603a4ffcc34d153463ed0
DEBUG: ran git fetch --unshallow origin dfe8eb3a0c03b74e8be603a4ffcc34d153463ed0: fb748baaecea3f772b8e6145b999617f80d9f079: in 
DEBUG: ran git checkout master in 
DEBUG: ran git reset --hard fb748baaecea3f772b8e6145b999617f80d9f079 in 
DEBUG: ran clean --force -d . in 
DEBUG: ran git merge dfe8eb3a0c03b74e8be603a4ffcc34d153463ed0 in 
Merged SHA dfe8eb3a0c03b74e8be603a4ffcc34d153463ed0 with commit message 'chore: Promote bdd-gh-1574355220 to version 0.0.1' into base branch master

Showing logs for build [32mcb-kubecd-environment-pr-71-1-b-x2fhh-1[0m stage [32mfrom-build-pack[0m and container [32mstep-build-helm-build[0m
WARNING: No $CHART_REPOSITORY defined so using the default value of: http://jenkins-x-chartmuseum:8080
Adding missing Helm repo: storage.googleapis.com https://storage.googleapis.com/chartmuseum.jenkins-x.io
Read credentials for https://storage.googleapis.com/chartmuseum.jenkins-x.io from vault helm/repos
Successfully added Helm repository storage.googleapis.com.
Adding missing Helm repo: jenkins-x-chartmuseum http://jenkins-x-chartmuseum:8080
Read credentials for http://jenkins-x-chartmuseum:8080 from vault helm/repos
Successfully added Helm repository jenkins-x-chartmuseum.
WARNING: No $CHART_REPOSITORY defined so using the default value of: http://jenkins-x-chartmuseum:8080
Adding missing Helm repo: chartmuseum.jenkins-x.io http://chartmuseum.jenkins-x.io
Read credentials for http://chartmuseum.jenkins-x.io from vault helm/repos
Successfully added Helm repository chartmuseum.jenkins-x.io.
